<?xml version="1.0" encoding="UTF-8"?>
<!-- Generated by org.testng.reporters.JUnitXMLReporter -->
<testsuite ignored="0" hostname="MacBook-Pro-3.local" failures="0" tests="3" name="Default test" time="6.578" errors="0" timestamp="2023-12-15T16:20:44 PKT">
  <testcase classname="api.test.StoreTests_prop" name="testPostStore" time="3.968"/>
  <testcase classname="api.test.StoreTests_prop" name="testGetStore" time="1.326"/>
  <testcase classname="api.test.StoreTests_prop" name="testDeleteStore" time="1.131"/>
</testsuite> <!-- Default test -->
