<?xml version="1.0" encoding="UTF-8"?>
<!-- Generated by org.testng.reporters.JUnitXMLReporter -->
<testsuite ignored="0" hostname="MacBook-Pro-3.local" failures="0" tests="3" name="UsersTest" time="6.203" errors="0" timestamp="2023-12-15T16:27:45 PKT">
  <testcase classname="api.test.StoreTests_prop" name="testPostStore" time="3.18"/>
  <testcase classname="api.test.StoreTests_prop" name="testGetStore" time="1.13"/>
  <testcase classname="api.test.StoreTests_prop" name="testDeleteStore" time="1.068"/>
</testsuite> <!-- UsersTest -->
