<?xml version="1.0" encoding="UTF-8"?>
<testng-results ignored="0" total="3" passed="3" failed="0" skipped="0">
  <reporter-output>
  </reporter-output>
  <suite started-at="2023-12-15T16:27:39 PKT" name="UsersSuite" finished-at="2023-12-15T16:27:45 PKT" duration-ms="6203">
    <groups>
    </groups>
    <test started-at="2023-12-15T16:27:39 PKT" name="UsersTest" finished-at="2023-12-15T16:27:45 PKT" duration-ms="6203">
      <class name="api.test.StoreTests_prop">
        <test-method is-config="true" signature="setup()[pri:0, instance:api.test.StoreTests_prop@4f209819]" started-at="2023-12-15T16:27:39 PKT" name="setup" finished-at="2023-12-15T16:27:39 PKT" duration-ms="131" status="PASS">
          <reporter-output>
          </reporter-output>
        </test-method> <!-- setup -->
        <test-method signature="testPostStore()[pri:1, instance:api.test.StoreTests_prop@4f209819]" started-at="2023-12-15T16:27:40 PKT" name="testPostStore" finished-at="2023-12-15T16:27:43 PKT" duration-ms="3180" status="PASS">
          <reporter-output>
          </reporter-output>
        </test-method> <!-- testPostStore -->
        <test-method signature="testGetStore()[pri:2, instance:api.test.StoreTests_prop@4f209819]" started-at="2023-12-15T16:27:43 PKT" name="testGetStore" finished-at="2023-12-15T16:27:44 PKT" duration-ms="1130" status="PASS">
          <reporter-output>
          </reporter-output>
        </test-method> <!-- testGetStore -->
        <test-method signature="testDeleteStore()[pri:3, instance:api.test.StoreTests_prop@4f209819]" started-at="2023-12-15T16:27:44 PKT" name="testDeleteStore" finished-at="2023-12-15T16:27:45 PKT" duration-ms="1068" status="PASS">
          <reporter-output>
          </reporter-output>
        </test-method> <!-- testDeleteStore -->
      </class> <!-- api.test.StoreTests_prop -->
    </test> <!-- UsersTest -->
  </suite> <!-- UsersSuite -->
</testng-results>
